Determining if files pthread.h exist failed with the following output:
Change Dir: /home/drgl/dragonglass/build/release/CMakeFiles/CMakeTmp

Run Build Command:/usr/bin/make "cmTryCompileExec1198746840/fast"
make[1]: Entering directory `/home/drgl/dragonglass/build/release/CMakeFiles/CMakeTmp'
/usr/bin/make -f CMakeFiles/cmTryCompileExec1198746840.dir/build.make CMakeFiles/cmTryCompileExec1198746840.dir/build
make[2]: Entering directory `/home/drgl/dragonglass/build/release/CMakeFiles/CMakeTmp'
/usr/bin/cmake -E cmake_progress_report /home/drgl/dragonglass/build/release/CMakeFiles/CMakeTmp/CMakeFiles 1
Building C object CMakeFiles/cmTryCompileExec1198746840.dir/CheckIncludeFiles.c.o
/usr/bin/cc   -std=c11  -Wall -Wextra -Wpointer-arith -Wundef -Wvla -Wwrite-strings -Werror -Wno-error=extra -Wno-error=unused-function -Wno-error=deprecated-declarations -Wno-error=sign-compare -Wno-error=strict-aliasing -Wno-error=type-limits -Wno-unused-parameter -Wno-error=unused-variable -Wno-error=undef -Wno-error=uninitialized -Wno-error=unused-result -Wlogical-op -Wno-error=maybe-uninitialized -Wno-error=clobbered -Wno-error=unused-but-set-variable -Waggregate-return -Wnested-externs -Wold-style-definition -Wstrict-prototypes -march=native -maes    -o CMakeFiles/cmTryCompileExec1198746840.dir/CheckIncludeFiles.c.o   -c /home/drgl/dragonglass/build/release/CMakeFiles/CMakeTmp/CheckIncludeFiles.c
/home/drgl/dragonglass/build/release/CMakeFiles/CMakeTmp/CheckIncludeFiles.c:5:5: error: function declaration isn’t a prototype [-Werror=strict-prototypes]
 int main(){return 0;}
     ^
/home/drgl/dragonglass/build/release/CMakeFiles/CMakeTmp/CheckIncludeFiles.c: In function ‘main’:
/home/drgl/dragonglass/build/release/CMakeFiles/CMakeTmp/CheckIncludeFiles.c:5:5: error: old-style function definition [-Werror=old-style-definition]
cc1: all warnings being treated as errors
make[2]: *** [CMakeFiles/cmTryCompileExec1198746840.dir/CheckIncludeFiles.c.o] Error 1
make[2]: Leaving directory `/home/drgl/dragonglass/build/release/CMakeFiles/CMakeTmp'
make[1]: *** [cmTryCompileExec1198746840/fast] Error 2
make[1]: Leaving directory `/home/drgl/dragonglass/build/release/CMakeFiles/CMakeTmp'

Source:
/* */
#include <pthread.h>


int main(){return 0;}

